<?xml version="1.0" encoding="UTF-8"?>
<!-- Generated by org.testng.reporters.JUnitXMLReporter -->
<testsuite hostname="DESKTOP-V82IFM3" name="BankApplication" tests="1" failures="1" timestamp="3 Apr 2021 04:58:10 GMT" time="33.899" errors="0">
  <testcase name="tc001" time="18.325" classname="com.ba.testcase.TestCase001">
    <failure type="java.lang.AssertionError" message="expected [Googel] but found [Google]">
      <![CDATA[java.lang.AssertionError: expected [Googel] but found [Google]
	at com.ba.testcase.TestCase001.tc001(TestCase001.java:16)
... Removed 29 stack frames]]>
    </failure>
  </testcase> <!-- tc001 -->
</testsuite> <!-- BankApplication -->
